2023-03-10 12:39:40.443 [main] INFO  Abhishek - oracle.jdbc.driver.T4CConnection@50d13246
2023-03-10 12:39:41.465 [main] INFO  Abhishek - oracle.jdbc.driver.T4CConnection@294e5088
2023-03-10 12:39:41.466 [main] INFO  Abhishek - Connection is Established
2023-03-10 12:39:41.539 [main] INFO  Abhishek - Connection is Established
2023-03-10 12:39:41.543 [main] INFO  Abhishek - Here Customer code is invalid, CustomerCode is: Nsbt01
2023-03-10 12:39:41.571 [main] INFO  Abhishek - Here Customer code is invalid, CustomerCode is: Wipro01
2023-03-10 12:39:41.609 [main] INFO  Abhishek - Here Customer code is invalid, CustomerCode is: Tcs01
2023-03-10 12:39:41.657 [main] INFO  Abhishek - Here Customer code is invalid, CustomerCode is: Amity12
2023-03-10 12:39:41.702 [main] INFO  Abhishek - Here Customer code is invalid, CustomerCode is: Bharat11
2023-03-10 12:39:41.781 [main] INFO  Abhishek - Here Customer code is invalid, CustomerCode is: Bhartividyapeeth01
2023-03-10 12:39:41.816 [main] INFO  Abhishek - Here Customer code is invalid, CustomerCode is: deva02
2023-03-10 12:39:41.859 [main] INFO  Abhishek - Here Customer code is invalid, CustomerCode is: P08
2023-03-10 12:39:41.904 [main] INFO  Abhishek - Here Customer code is invalid, CustomerCode is: Accurate09
2023-03-10 12:39:41.952 [main] INFO  Abhishek - Here Customer code is invalid, CustomerCode is: Techno10 
2023-03-10 12:39:41.968 [main] INFO  Abhishek - Here if Customer name is invalid, CustomerCode is: Ch13 
2023-03-10 12:39:41.968 [main] INFO  Abhishek - Here Customer code is invalid, CustomerCode is: Banarsi15
2023-03-10 12:39:42.014 [main] INFO  Abhishek - Here Customer code is invalid, CustomerCode is: Bajaj16
2023-03-10 12:39:42.049 [main] INFO  Abhishek - Here Customer code is invalid, CustomerCode is: Isha17
2023-03-10 12:39:42.094 [main] INFO  Abhishek - Here Customer code is invalid, CustomerCode is: Charya18 
2023-03-10 12:39:42.139 [main] INFO  Abhishek - Here Customer code is invalid, CustomerCode is: Ad22
2023-03-10 12:39:42.181 [main] INFO  Abhishek - Here Customer code is invalid, CustomerCode is: Galgotia21
2023-03-10 12:39:42.217 [main] INFO  Abhishek - Here Customer code is invalid, CustomerCode is: Bansal23
2023-03-10 12:39:42.241 [main] INFO  Abhishek - Here Customer code is invalid, CustomerCode is: Malhotra27
2023-03-10 12:39:42.264 [main] INFO  Abhishek - Here Customer code is invalid, CustomerCode is: P08
2023-03-10 12:39:42.281 [main] INFO  Abhishek - Here Customer code is invalid, CustomerCode is: Kamra24
2023-03-10 12:39:42.301 [main] INFO  Abhishek - Here Customer code is invalid, CustomerCode is: Gupta25
2023-03-10 12:39:42.312 [main] INFO  Abhishek - Here Customer code is invalid, CustomerCode is: Ch30
2023-03-10 12:39:42.324 [main] INFO  Abhishek - Here Customer code is invalid, CustomerCode is: Dutta29
2023-03-10 12:39:42.338 [main] INFO  Abhishek - Here Customer code is invalid, CustomerCode is: Chauhan28
2023-03-10 12:39:42.361 [main] INFO  Abhishek - Here Customer code is invalid, CustomerCode is: Goel35
2023-03-10 12:39:42.384 [main] INFO  Abhishek - Here Customer code is invalid, CustomerCode is: Mishra32
2023-03-10 12:39:42.397 [main] INFO  Abhishek - Here Customer code is invalid, CustomerCode is: Sharma34
2023-03-10 12:39:42.408 [main] INFO  Abhishek - Here Customer code is invalid, CustomerCode is: Tiwari36
2023-03-10 12:39:42.429 [main] INFO  Abhishek - Here Customer code is invalid, CustomerCode is: Saxena37
2023-03-10 12:39:42.444 [main] INFO  Abhishek - Here Customer code is invalid, CustomerCode is: Singla38
2023-03-10 12:39:42.455 [main] INFO  Abhishek - Here Customer code is invalid, CustomerCode is: Sri39
2023-03-10 12:39:42.466 [main] INFO  Abhishek - Here Customer code is invalid, CustomerCode is: Shukla40
2023-03-10 12:39:42.477 [main] INFO  Abhishek - Here Customer code is invalid, CustomerCode is: Verma41
2023-03-10 12:39:42.496 [main] INFO  Abhishek - Here Customer code is invalid, CustomerCode is: Mehta42
2023-03-10 12:39:42.505 [main] INFO  Abhishek - Here Customer code is invalid, CustomerCode is: Nanda43
2023-03-10 12:39:42.514 [main] INFO  Abhishek - Here Customer code is invalid, CustomerCode is: Jain44
2023-03-10 12:39:42.533 [main] INFO  Abhishek - Here Customer code is invalid, CustomerCode is: Khanna45
2023-03-10 12:39:42.542 [main] INFO  Abhishek - Here Customer code is invalid, CustomerCode is: Agarwal46
2023-03-10 12:39:42.575 [main] INFO  Abhishek - Here Customer code is invalid, CustomerCode is: Ahuja47
2023-03-10 12:39:42.585 [main] INFO  Abhishek - Here Customer code is invalid, CustomerCode is: Chabra48
2023-03-10 12:39:42.605 [main] INFO  Abhishek - Here Customer code is invalid, CustomerCode is: Khatri49
2023-03-10 12:39:42.633 [main] INFO  Abhishek - Here Customer code is invalid, CustomerCode is: Garg50
2023-03-10 12:39:42.668 [main] INFO  Abhishek - Here Customer code is invalid, CustomerCode is: Jindal52
2023-03-10 12:39:42.686 [main] INFO  Abhishek - Here Customer code is invalid, CustomerCode is: Malik57
2023-03-10 12:39:42.719 [main] INFO  Abhishek - Here Customer code is invalid, CustomerCode is: Yadav55
2023-03-10 12:39:42.749 [main] INFO  Abhishek - Here Customer code is invalid, CustomerCode is: Dixit59
2023-03-10 12:39:42.794 [main] INFO  Abhishek - Here Customer code is invalid, CustomerCode is: Mittal60
2023-03-10 12:39:42.843 [main] INFO  Abhishek - Here Customer code is invalid, CustomerCode is: Kumar65
2023-03-10 12:39:42.903 [main] INFO  Abhishek - Here Customer code is invalid, CustomerCode is: Mh66
2023-03-10 12:39:42.947 [main] INFO  Abhishek - Here Customer code is invalid, CustomerCode is: Grover67
2023-03-10 12:39:42.991 [main] INFO  Abhishek - Here Customer code is invalid, CustomerCode is: Ahuja68
2023-03-10 12:39:43.046 [main] INFO  Abhishek - Here Customer code is invalid, CustomerCode is: Shivam69
2023-03-10 12:39:43.105 [main] INFO  Abhishek - Here Customer code is invalid, CustomerCode is: Atul70
2023-03-10 12:39:43.157 [main] INFO  Abhishek - Here Customer code is invalid, CustomerCode is: Nagarro71
2023-03-10 12:39:43.196 [main] INFO  Abhishek - Here Customer code is invalid, CustomerCode is: Strong
2023-03-10 12:39:43.212 [main] INFO  Abhishek - Here Customer code is invalid, CustomerCode is: Barclay2
2023-03-10 12:39:43.227 [main] INFO  Abhishek - Here Customer code is invalid, CustomerCode is: Airtel34
2023-03-10 12:39:43.242 [main] INFO  Abhishek - Here Customer code is invalid, CustomerCode is: Aricent23
2023-03-10 12:39:43.257 [main] INFO  Abhishek - Here Customer code is invalid, CustomerCode is: HCL12
2023-03-10 12:39:43.282 [main] INFO  Abhishek - Here Customer code is invalid, CustomerCode is: Sulekha5
2023-03-10 12:39:43.298 [main] INFO  Abhishek - Here Customer code is invalid, CustomerCode is: ICCI92
2023-03-10 12:39:43.317 [main] INFO  Abhishek - Here Customer code is invalid, CustomerCode is: HDFC69
2023-03-10 12:39:43.331 [main] INFO  Abhishek - Here Customer code is invalid, CustomerCode is: Infogains
2023-03-10 12:39:43.350 [main] INFO  Abhishek - Here Customer code is invalid, CustomerCode is: Infosys76
2023-03-10 12:39:43.364 [main] INFO  Abhishek - Here Customer code is invalid, CustomerCode is: Meenu21
2023-03-10 12:39:43.375 [main] INFO  Abhishek - Here Customer code is invalid, CustomerCode is: Garima4
2023-03-10 12:39:43.387 [main] INFO  Abhishek - Here Customer code is invalid, CustomerCode is: Navin28
2023-03-10 12:39:43.402 [main] INFO  Abhishek - Here Customer code is invalid, CustomerCode is: Alok29
2023-03-10 12:39:43.413 [main] INFO  Abhishek - Here Customer code is invalid, CustomerCode is: Ur23
2023-03-10 12:39:43.434 [main] INFO  Abhishek - Here Customer code is invalid, CustomerCode is: Aman34
2023-03-10 12:39:43.447 [main] INFO  Abhishek - Here Customer code is invalid, CustomerCode is: Ashok45
2023-03-10 12:39:43.466 [main] INFO  Abhishek - Here Customer code is invalid, CustomerCode is: Paul45
2023-03-10 12:39:43.495 [main] INFO  Abhishek - Here Customer code is invalid, CustomerCode is: John56
2023-03-10 12:39:43.511 [main] INFO  Abhishek - Here Customer code is invalid, CustomerCode is: Stephn3
2023-03-10 12:39:43.536 [main] INFO  Abhishek - Here Customer code is invalid, CustomerCode is: Sh24
2023-03-10 12:39:43.566 [main] INFO  Abhishek - Here Customer code is invalid, CustomerCode is: Keshav34
2023-03-10 12:39:43.583 [main] INFO  Abhishek - Here Customer code is invalid, CustomerCode is: Harish21
2023-03-10 12:39:43.621 [main] INFO  Abhishek - Here Customer code is invalid, CustomerCode is: Asha35
2023-03-10 12:39:43.668 [main] INFO  Abhishek - Here Customer code is invalid, CustomerCode is: Shelly67
2023-03-10 12:39:43.689 [main] INFO  Abhishek - Here Customer code is invalid, CustomerCode is: Prem12
2023-03-10 12:39:43.709 [main] INFO  Abhishek - Here Customer code is invalid, CustomerCode is: Hari26
2023-03-10 12:39:43.721 [main] INFO  Abhishek - Here Customer code is invalid, CustomerCode is: Polaris21
2023-03-10 12:39:43.749 [main] INFO  Abhishek - Here Customer code is invalid, CustomerCode is: Acenture3
2023-03-10 12:39:43.779 [main] INFO  Abhishek - Here Customer code is invalid, CustomerCode is: Usha37
2023-03-10 12:39:43.796 [main] INFO  Abhishek - Here Customer code is invalid, CustomerCode is: Telco28
2023-03-10 12:39:43.817 [main] INFO  Abhishek - Here Customer code is invalid, CustomerCode is: Kh21
2023-03-10 12:39:43.827 [main] INFO  Abhishek - Here Customer code is invalid, CustomerCode is: Atos21
2023-03-10 12:39:43.838 [main] INFO  Abhishek - Here Customer code is invalid, CustomerCode is: Thomas98
2023-03-10 12:39:43.854 [main] INFO  Abhishek - Here Customer code is invalid, CustomerCode is: Iflex30
2023-03-10 12:39:43.865 [main] INFO  Abhishek - Here Customer code is invalid, CustomerCode is: Kotak21
2023-03-10 12:39:43.883 [main] INFO  Abhishek - Here Customer code is invalid, CustomerCode is: Sind23
2023-03-10 12:39:43.893 [main] INFO  Abhishek - Here Customer code is invalid, CustomerCode is: Canara29
2023-03-10 12:39:43.919 [main] INFO  Abhishek - Here Customer code is invalid, CustomerCode is: SBI27
2023-03-10 12:39:43.939 [main] INFO  Abhishek - Here Customer code is invalid, CustomerCode is: Mahi45
2023-03-10 12:39:43.961 [main] INFO  Abhishek - Here Customer code is invalid, CustomerCode is: Micro25
2023-03-10 12:39:43.993 [main] INFO  Abhishek - Here Customer code is invalid, CustomerCode is: Rel24
2023-03-10 12:39:44.004 [main] INFO  Abhishek - Here Customer code is invalid, CustomerCode is: Fisher21
2023-03-10 12:39:44.014 [main] INFO  Abhishek - Here Customer code is invalid, CustomerCode is: Cogni23
2023-03-10 12:39:44.060 [main] INFO  Abhishek - Connection is Established
2023-03-10 12:39:44.061 [main] INFO  Abhishek - Here File is Invalid
2023-03-10 12:39:44.074 [main] INFO  Abhishek - java.lang.NullPointerException
2023-03-10 12:40:27.296 [main] INFO  Abhishek - oracle.jdbc.driver.T4CConnection@50d13246
2023-03-10 12:40:28.415 [main] INFO  Abhishek - oracle.jdbc.driver.T4CConnection@294e5088
2023-03-10 12:40:28.417 [main] INFO  Abhishek - Connection is Established
2023-03-10 12:40:31.459 [main] INFO  Abhishek - Connection is Established
2023-03-10 12:40:31.463 [main] INFO  Abhishek - Here Customer code is invalid, CustomerCode is: Nsbt01
2023-03-10 12:40:31.494 [main] INFO  Abhishek - Here Customer code is invalid, CustomerCode is: Wipro01
2023-03-10 12:40:31.614 [main] INFO  Abhishek - Here Customer code is invalid, CustomerCode is: Tcs01
2023-03-10 12:40:31.713 [main] INFO  Abhishek - Here Customer code is invalid, CustomerCode is: Amity12
2023-03-10 12:40:31.784 [main] INFO  Abhishek - Here Customer code is invalid, CustomerCode is: Bharat11
2023-03-10 12:40:31.848 [main] INFO  Abhishek - Here Customer code is invalid, CustomerCode is: Bhartividyapeeth01
2023-03-10 12:40:31.869 [main] INFO  Abhishek - Here Customer code is invalid, CustomerCode is: deva02
2023-03-10 12:40:31.911 [main] INFO  Abhishek - Here Customer code is invalid, CustomerCode is: P08
2023-03-10 12:40:31.951 [main] INFO  Abhishek - Here Customer code is invalid, CustomerCode is: Accurate09
2023-03-10 12:40:31.974 [main] INFO  Abhishek - Here Customer code is invalid, CustomerCode is: Techno10 
2023-03-10 12:40:31.993 [main] INFO  Abhishek - Here if Customer name is invalid, CustomerCode is: Ch13 
2023-03-10 12:40:31.995 [main] INFO  Abhishek - Here Customer code is invalid, CustomerCode is: Banarsi15
2023-03-10 12:40:32.008 [main] INFO  Abhishek - Here Customer code is invalid, CustomerCode is: Bajaj16
2023-03-10 12:40:32.023 [main] INFO  Abhishek - Here Customer code is invalid, CustomerCode is: Isha17
2023-03-10 12:40:32.032 [main] INFO  Abhishek - Here Customer code is invalid, CustomerCode is: Charya18 
2023-03-10 12:40:32.055 [main] INFO  Abhishek - Here Customer code is invalid, CustomerCode is: Ad22
2023-03-10 12:40:32.066 [main] INFO  Abhishek - Here Customer code is invalid, CustomerCode is: Galgotia21
2023-03-10 12:40:32.086 [main] INFO  Abhishek - Here Customer code is invalid, CustomerCode is: Bansal23
2023-03-10 12:40:32.099 [main] INFO  Abhishek - Here Customer code is invalid, CustomerCode is: Malhotra27
2023-03-10 12:40:32.113 [main] INFO  Abhishek - Here Customer code is invalid, CustomerCode is: P08
2023-03-10 12:40:32.132 [main] INFO  Abhishek - Here Customer code is invalid, CustomerCode is: Kamra24
2023-03-10 12:40:32.153 [main] INFO  Abhishek - Here Customer code is invalid, CustomerCode is: Gupta25
2023-03-10 12:40:32.181 [main] INFO  Abhishek - Here Customer code is invalid, CustomerCode is: Ch30
2023-03-10 12:40:32.203 [main] INFO  Abhishek - Here Customer code is invalid, CustomerCode is: Dutta29
2023-03-10 12:40:32.228 [main] INFO  Abhishek - Here Customer code is invalid, CustomerCode is: Chauhan28
2023-03-10 12:40:32.246 [main] INFO  Abhishek - Here Customer code is invalid, CustomerCode is: Goel35
2023-03-10 12:40:32.303 [main] INFO  Abhishek - Here Customer code is invalid, CustomerCode is: Mishra32
2023-03-10 12:40:32.325 [main] INFO  Abhishek - Here Customer code is invalid, CustomerCode is: Sharma34
2023-03-10 12:40:32.340 [main] INFO  Abhishek - Here Customer code is invalid, CustomerCode is: Tiwari36
2023-03-10 12:40:32.359 [main] INFO  Abhishek - Here Customer code is invalid, CustomerCode is: Saxena37
2023-03-10 12:40:32.384 [main] INFO  Abhishek - Here Customer code is invalid, CustomerCode is: Singla38
2023-03-10 12:40:32.406 [main] INFO  Abhishek - Here Customer code is invalid, CustomerCode is: Sri39
2023-03-10 12:40:32.416 [main] INFO  Abhishek - Here Customer code is invalid, CustomerCode is: Shukla40
2023-03-10 12:40:32.447 [main] INFO  Abhishek - Here Customer code is invalid, CustomerCode is: Verma41
2023-03-10 12:40:32.466 [main] INFO  Abhishek - Here Customer code is invalid, CustomerCode is: Mehta42
2023-03-10 12:40:32.481 [main] INFO  Abhishek - Here Customer code is invalid, CustomerCode is: Nanda43
2023-03-10 12:40:32.502 [main] INFO  Abhishek - Here Customer code is invalid, CustomerCode is: Jain44
2023-03-10 12:40:32.528 [main] INFO  Abhishek - Here Customer code is invalid, CustomerCode is: Khanna45
2023-03-10 12:40:32.549 [main] INFO  Abhishek - Here Customer code is invalid, CustomerCode is: Agarwal46
2023-03-10 12:40:32.567 [main] INFO  Abhishek - Here Customer code is invalid, CustomerCode is: Ahuja47
2023-03-10 12:40:32.604 [main] INFO  Abhishek - Here Customer code is invalid, CustomerCode is: Chabra48
2023-03-10 12:40:32.635 [main] INFO  Abhishek - Here Customer code is invalid, CustomerCode is: Khatri49
2023-03-10 12:40:32.650 [main] INFO  Abhishek - Here Customer code is invalid, CustomerCode is: Garg50
2023-03-10 12:40:32.663 [main] INFO  Abhishek - Here Customer code is invalid, CustomerCode is: Jindal52
2023-03-10 12:40:32.675 [main] INFO  Abhishek - Here Customer code is invalid, CustomerCode is: Malik57
2023-03-10 12:40:32.685 [main] INFO  Abhishek - Here Customer code is invalid, CustomerCode is: Yadav55
2023-03-10 12:40:32.697 [main] INFO  Abhishek - Here Customer code is invalid, CustomerCode is: Dixit59
2023-03-10 12:40:32.713 [main] INFO  Abhishek - Here Customer code is invalid, CustomerCode is: Mittal60
2023-03-10 12:40:32.726 [main] INFO  Abhishek - Here Customer code is invalid, CustomerCode is: Kumar65
2023-03-10 12:40:32.736 [main] INFO  Abhishek - Here Customer code is invalid, CustomerCode is: Mh66
2023-03-10 12:40:32.745 [main] INFO  Abhishek - Here Customer code is invalid, CustomerCode is: Grover67
2023-03-10 12:40:32.760 [main] INFO  Abhishek - Here Customer code is invalid, CustomerCode is: Ahuja68
2023-03-10 12:40:32.771 [main] INFO  Abhishek - Here Customer code is invalid, CustomerCode is: Shivam69
2023-03-10 12:40:32.784 [main] INFO  Abhishek - Here Customer code is invalid, CustomerCode is: Atul70
2023-03-10 12:40:32.808 [main] INFO  Abhishek - Here Customer code is invalid, CustomerCode is: Nagarro71
2023-03-10 12:40:32.824 [main] INFO  Abhishek - Here Customer code is invalid, CustomerCode is: Strong
2023-03-10 12:40:32.836 [main] INFO  Abhishek - Here Customer code is invalid, CustomerCode is: Barclay2
2023-03-10 12:40:32.851 [main] INFO  Abhishek - Here Customer code is invalid, CustomerCode is: Airtel34
2023-03-10 12:40:32.863 [main] INFO  Abhishek - Here Customer code is invalid, CustomerCode is: Aricent23
2023-03-10 12:40:32.879 [main] INFO  Abhishek - Here Customer code is invalid, CustomerCode is: HCL12
2023-03-10 12:40:32.889 [main] INFO  Abhishek - Here Customer code is invalid, CustomerCode is: Sulekha5
2023-03-10 12:40:32.920 [main] INFO  Abhishek - Here Customer code is invalid, CustomerCode is: ICCI92
2023-03-10 12:40:32.932 [main] INFO  Abhishek - Here Customer code is invalid, CustomerCode is: HDFC69
2023-03-10 12:40:32.945 [main] INFO  Abhishek - Here Customer code is invalid, CustomerCode is: Infogains
2023-03-10 12:40:32.966 [main] INFO  Abhishek - Here Customer code is invalid, CustomerCode is: Infosys76
2023-03-10 12:40:32.992 [main] INFO  Abhishek - Here Customer code is invalid, CustomerCode is: Meenu21
2023-03-10 12:40:33.010 [main] INFO  Abhishek - Here Customer code is invalid, CustomerCode is: Garima4
2023-03-10 12:40:33.026 [main] INFO  Abhishek - Here Customer code is invalid, CustomerCode is: Navin28
2023-03-10 12:40:33.038 [main] INFO  Abhishek - Here Customer code is invalid, CustomerCode is: Alok29
2023-03-10 12:40:33.076 [main] INFO  Abhishek - Here Customer code is invalid, CustomerCode is: Ur23
2023-03-10 12:40:33.112 [main] INFO  Abhishek - Here Customer code is invalid, CustomerCode is: Aman34
2023-03-10 12:40:33.125 [main] INFO  Abhishek - Here Customer code is invalid, CustomerCode is: Ashok45
2023-03-10 12:40:33.150 [main] INFO  Abhishek - Here Customer code is invalid, CustomerCode is: Paul45
2023-03-10 12:40:33.163 [main] INFO  Abhishek - Here Customer code is invalid, CustomerCode is: John56
2023-03-10 12:40:33.175 [main] INFO  Abhishek - Here Customer code is invalid, CustomerCode is: Stephn3
2023-03-10 12:40:33.184 [main] INFO  Abhishek - Here Customer code is invalid, CustomerCode is: Sh24
2023-03-10 12:40:33.195 [main] INFO  Abhishek - Here Customer code is invalid, CustomerCode is: Keshav34
2023-03-10 12:40:33.212 [main] INFO  Abhishek - Here Customer code is invalid, CustomerCode is: Harish21
2023-03-10 12:40:33.231 [main] INFO  Abhishek - Here Customer code is invalid, CustomerCode is: Asha35
2023-03-10 12:40:33.250 [main] INFO  Abhishek - Here Customer code is invalid, CustomerCode is: Shelly67
2023-03-10 12:40:33.266 [main] INFO  Abhishek - Here Customer code is invalid, CustomerCode is: Prem12
2023-03-10 12:40:33.279 [main] INFO  Abhishek - Here Customer code is invalid, CustomerCode is: Hari26
2023-03-10 12:40:33.290 [main] INFO  Abhishek - Here Customer code is invalid, CustomerCode is: Polaris21
2023-03-10 12:40:33.299 [main] INFO  Abhishek - Here Customer code is invalid, CustomerCode is: Acenture3
2023-03-10 12:40:33.311 [main] INFO  Abhishek - Here Customer code is invalid, CustomerCode is: Usha37
2023-03-10 12:40:33.322 [main] INFO  Abhishek - Here Customer code is invalid, CustomerCode is: Telco28
2023-03-10 12:40:33.334 [main] INFO  Abhishek - Here Customer code is invalid, CustomerCode is: Kh21
2023-03-10 12:40:33.431 [main] INFO  Abhishek - Here Customer code is invalid, CustomerCode is: Atos21
2023-03-10 12:40:33.443 [main] INFO  Abhishek - Here Customer code is invalid, CustomerCode is: Thomas98
2023-03-10 12:40:33.461 [main] INFO  Abhishek - Here Customer code is invalid, CustomerCode is: Iflex30
2023-03-10 12:40:33.480 [main] INFO  Abhishek - Here Customer code is invalid, CustomerCode is: Kotak21
2023-03-10 12:40:33.499 [main] INFO  Abhishek - Here Customer code is invalid, CustomerCode is: Sind23
2023-03-10 12:40:33.511 [main] INFO  Abhishek - Here Customer code is invalid, CustomerCode is: Canara29
2023-03-10 12:40:33.521 [main] INFO  Abhishek - Here Customer code is invalid, CustomerCode is: SBI27
2023-03-10 12:40:33.541 [main] INFO  Abhishek - Here Customer code is invalid, CustomerCode is: Mahi45
2023-03-10 12:40:33.550 [main] INFO  Abhishek - Here Customer code is invalid, CustomerCode is: Micro25
2023-03-10 12:40:33.565 [main] INFO  Abhishek - Here Customer code is invalid, CustomerCode is: Rel24
2023-03-10 12:40:34.583 [main] INFO  Abhishek - Here Customer code is invalid, CustomerCode is: Fisher21
2023-03-10 12:40:34.598 [main] INFO  Abhishek - Here Customer code is invalid, CustomerCode is: Cogni23
2023-03-10 12:40:34.651 [main] INFO  Abhishek - Connection is Established
2023-03-10 12:40:34.652 [main] INFO  Abhishek - Here File is Invalid
2023-03-10 12:40:34.689 [main] INFO  Abhishek - java.lang.NullPointerException
2023-03-10 14:40:57.553 [main] INFO  Abhishek - oracle.jdbc.driver.T4CConnection@50d13246
2023-03-10 14:40:58.517 [main] INFO  Abhishek - oracle.jdbc.driver.T4CConnection@294e5088
2023-03-10 14:40:58.519 [main] INFO  Abhishek - Connection is Established
2023-03-10 14:40:58.666 [main] INFO  Abhishek - Connection is Established
2023-03-10 14:40:58.671 [main] INFO  Abhishek - Here Customer code is invalid, CustomerCode is: Nsbt01
2023-03-10 14:40:58.683 [main] INFO  Abhishek - Here Customer code is invalid, CustomerCode is: Wipro01
2023-03-10 14:40:58.692 [main] INFO  Abhishek - Here Customer code is invalid, CustomerCode is: Tcs01
2023-03-10 14:40:58.703 [main] INFO  Abhishek - Here Customer code is invalid, CustomerCode is: Amity12
2023-03-10 14:40:58.718 [main] INFO  Abhishek - Here Customer code is invalid, CustomerCode is: Bharat11
2023-03-10 14:40:58.733 [main] INFO  Abhishek - Here Customer code is invalid, CustomerCode is: Bhartividyapeeth01
2023-03-10 14:40:58.742 [main] INFO  Abhishek - Here Customer code is invalid, CustomerCode is: deva02
2023-03-10 14:40:58.750 [main] INFO  Abhishek - Here Customer code is invalid, CustomerCode is: P08
2023-03-10 14:40:58.759 [main] INFO  Abhishek - Here Customer code is invalid, CustomerCode is: Accurate09
2023-03-10 14:40:58.772 [main] INFO  Abhishek - Here Customer code is invalid, CustomerCode is: Techno10 
2023-03-10 14:40:58.802 [main] INFO  Abhishek - Here if Customer name is invalid, CustomerCode is: Ch13 
2023-03-10 14:40:58.804 [main] INFO  Abhishek - Here Customer code is invalid, CustomerCode is: Banarsi15
2023-03-10 14:40:58.817 [main] INFO  Abhishek - Here Customer code is invalid, CustomerCode is: Bajaj16
2023-03-10 14:40:58.824 [main] INFO  Abhishek - Here Customer code is invalid, CustomerCode is: Isha17
2023-03-10 14:40:58.833 [main] INFO  Abhishek - Here Customer code is invalid, CustomerCode is: Charya18 
2023-03-10 14:40:58.843 [main] INFO  Abhishek - Here Customer code is invalid, CustomerCode is: Ad22
2023-03-10 14:40:58.857 [main] INFO  Abhishek - Here Customer code is invalid, CustomerCode is: Galgotia21
2023-03-10 14:40:58.864 [main] INFO  Abhishek - Here Customer code is invalid, CustomerCode is: Bansal23
2023-03-10 14:40:58.876 [main] INFO  Abhishek - Here Customer code is invalid, CustomerCode is: Malhotra27
2023-03-10 14:40:58.888 [main] INFO  Abhishek - Here Customer code is invalid, CustomerCode is: P08
2023-03-10 14:40:58.897 [main] INFO  Abhishek - Here Customer code is invalid, CustomerCode is: Kamra24
2023-03-10 14:40:58.906 [main] INFO  Abhishek - Here Customer code is invalid, CustomerCode is: Gupta25
2023-03-10 14:40:58.914 [main] INFO  Abhishek - Here Customer code is invalid, CustomerCode is: Ch30
2023-03-10 14:40:58.922 [main] INFO  Abhishek - Here Customer code is invalid, CustomerCode is: Dutta29
2023-03-10 14:40:58.940 [main] INFO  Abhishek - Here Customer code is invalid, CustomerCode is: Chauhan28
2023-03-10 14:40:58.957 [main] INFO  Abhishek - Here Customer code is invalid, CustomerCode is: Goel35
2023-03-10 14:40:58.976 [main] INFO  Abhishek - Here Customer code is invalid, CustomerCode is: Mishra32
2023-03-10 14:40:58.984 [main] INFO  Abhishek - Here Customer code is invalid, CustomerCode is: Sharma34
2023-03-10 14:40:58.993 [main] INFO  Abhishek - Here Customer code is invalid, CustomerCode is: Tiwari36
2023-03-10 14:40:59.002 [main] INFO  Abhishek - Here Customer code is invalid, CustomerCode is: Saxena37
2023-03-10 14:40:59.010 [main] INFO  Abhishek - Here Customer code is invalid, CustomerCode is: Singla38
2023-03-10 14:40:59.018 [main] INFO  Abhishek - Here Customer code is invalid, CustomerCode is: Sri39
2023-03-10 14:40:59.025 [main] INFO  Abhishek - Here Customer code is invalid, CustomerCode is: Shukla40
2023-03-10 14:40:59.035 [main] INFO  Abhishek - Here Customer code is invalid, CustomerCode is: Verma41
2023-03-10 14:40:59.044 [main] INFO  Abhishek - Here Customer code is invalid, CustomerCode is: Mehta42
2023-03-10 14:40:59.051 [main] INFO  Abhishek - Here Customer code is invalid, CustomerCode is: Nanda43
2023-03-10 14:40:59.066 [main] INFO  Abhishek - Here Customer code is invalid, CustomerCode is: Jain44
2023-03-10 14:40:59.075 [main] INFO  Abhishek - Here Customer code is invalid, CustomerCode is: Khanna45
2023-03-10 14:40:59.097 [main] INFO  Abhishek - Here Customer code is invalid, CustomerCode is: Agarwal46
2023-03-10 14:40:59.112 [main] INFO  Abhishek - Here Customer code is invalid, CustomerCode is: Ahuja47
2023-03-10 14:40:59.121 [main] INFO  Abhishek - Here Customer code is invalid, CustomerCode is: Chabra48
2023-03-10 14:40:59.137 [main] INFO  Abhishek - Here Customer code is invalid, CustomerCode is: Khatri49
2023-03-10 14:40:59.147 [main] INFO  Abhishek - Here Customer code is invalid, CustomerCode is: Garg50
2023-03-10 14:40:59.156 [main] INFO  Abhishek - Here Customer code is invalid, CustomerCode is: Jindal52
2023-03-10 14:40:59.167 [main] INFO  Abhishek - Here Customer code is invalid, CustomerCode is: Malik57
2023-03-10 14:40:59.177 [main] INFO  Abhishek - Here Customer code is invalid, CustomerCode is: Yadav55
2023-03-10 14:40:59.185 [main] INFO  Abhishek - Here Customer code is invalid, CustomerCode is: Dixit59
2023-03-10 14:40:59.194 [main] INFO  Abhishek - Here Customer code is invalid, CustomerCode is: Mittal60
2023-03-10 14:40:59.204 [main] INFO  Abhishek - Here Customer code is invalid, CustomerCode is: Kumar65
2023-03-10 14:40:59.213 [main] INFO  Abhishek - Here Customer code is invalid, CustomerCode is: Mh66
2023-03-10 14:40:59.221 [main] INFO  Abhishek - Here Customer code is invalid, CustomerCode is: Grover67
2023-03-10 14:40:59.229 [main] INFO  Abhishek - Here Customer code is invalid, CustomerCode is: Ahuja68
2023-03-10 14:40:59.240 [main] INFO  Abhishek - Here Customer code is invalid, CustomerCode is: Shivam69
2023-03-10 14:40:59.248 [main] INFO  Abhishek - Here Customer code is invalid, CustomerCode is: Atul70
2023-03-10 14:40:59.258 [main] INFO  Abhishek - Here Customer code is invalid, CustomerCode is: Nagarro71
2023-03-10 14:40:59.265 [main] INFO  Abhishek - Here Customer code is invalid, CustomerCode is: Strong
2023-03-10 14:40:59.277 [main] INFO  Abhishek - Here Customer code is invalid, CustomerCode is: Barclay2
2023-03-10 14:40:59.291 [main] INFO  Abhishek - Here Customer code is invalid, CustomerCode is: Airtel34
2023-03-10 14:40:59.300 [main] INFO  Abhishek - Here Customer code is invalid, CustomerCode is: Aricent23
2023-03-10 14:40:59.309 [main] INFO  Abhishek - Here Customer code is invalid, CustomerCode is: HCL12
2023-03-10 14:40:59.320 [main] INFO  Abhishek - Here Customer code is invalid, CustomerCode is: Sulekha5
2023-03-10 14:40:59.329 [main] INFO  Abhishek - Here Customer code is invalid, CustomerCode is: ICCI92
2023-03-10 14:40:59.339 [main] INFO  Abhishek - Here Customer code is invalid, CustomerCode is: HDFC69
2023-03-10 14:40:59.348 [main] INFO  Abhishek - Here Customer code is invalid, CustomerCode is: Infogains
2023-03-10 14:40:59.358 [main] INFO  Abhishek - Here Customer code is invalid, CustomerCode is: Infosys76
2023-03-10 14:40:59.368 [main] INFO  Abhishek - Here Customer code is invalid, CustomerCode is: Meenu21
2023-03-10 14:40:59.377 [main] INFO  Abhishek - Here Customer code is invalid, CustomerCode is: Garima4
2023-03-10 14:40:59.385 [main] INFO  Abhishek - Here Customer code is invalid, CustomerCode is: Navin28
2023-03-10 14:40:59.404 [main] INFO  Abhishek - Here Customer code is invalid, CustomerCode is: Alok29
2023-03-10 14:40:59.413 [main] INFO  Abhishek - Here Customer code is invalid, CustomerCode is: Ur23
2023-03-10 14:40:59.435 [main] INFO  Abhishek - Here Customer code is invalid, CustomerCode is: Aman34
2023-03-10 14:40:59.452 [main] INFO  Abhishek - Here Customer code is invalid, CustomerCode is: Ashok45
2023-03-10 14:40:59.470 [main] INFO  Abhishek - Here Customer code is invalid, CustomerCode is: Paul45
2023-03-10 14:40:59.479 [main] INFO  Abhishek - Here Customer code is invalid, CustomerCode is: John56
2023-03-10 14:40:59.494 [main] INFO  Abhishek - Here Customer code is invalid, CustomerCode is: Stephn3
2023-03-10 14:40:59.514 [main] INFO  Abhishek - Here Customer code is invalid, CustomerCode is: Sh24
2023-03-10 14:40:59.524 [main] INFO  Abhishek - Here Customer code is invalid, CustomerCode is: Keshav34
2023-03-10 14:40:59.534 [main] INFO  Abhishek - Here Customer code is invalid, CustomerCode is: Harish21
2023-03-10 14:40:59.553 [main] INFO  Abhishek - Here Customer code is invalid, CustomerCode is: Asha35
2023-03-10 14:40:59.570 [main] INFO  Abhishek - Here Customer code is invalid, CustomerCode is: Shelly67
2023-03-10 14:40:59.581 [main] INFO  Abhishek - Here Customer code is invalid, CustomerCode is: Prem12
2023-03-10 14:40:59.605 [main] INFO  Abhishek - Here Customer code is invalid, CustomerCode is: Hari26
2023-03-10 14:40:59.662 [main] INFO  Abhishek - Here Customer code is invalid, CustomerCode is: Polaris21
2023-03-10 14:40:59.677 [main] INFO  Abhishek - Here Customer code is invalid, CustomerCode is: Acenture3
2023-03-10 14:40:59.693 [main] INFO  Abhishek - Here Customer code is invalid, CustomerCode is: Usha37
2023-03-10 14:40:59.706 [main] INFO  Abhishek - Here Customer code is invalid, CustomerCode is: Telco28
2023-03-10 14:40:59.720 [main] INFO  Abhishek - Here Customer code is invalid, CustomerCode is: Kh21
2023-03-10 14:40:59.732 [main] INFO  Abhishek - Here Customer code is invalid, CustomerCode is: Atos21
2023-03-10 14:40:59.772 [main] INFO  Abhishek - Here Customer code is invalid, CustomerCode is: Thomas98
2023-03-10 14:40:59.785 [main] INFO  Abhishek - Here Customer code is invalid, CustomerCode is: Iflex30
2023-03-10 14:40:59.800 [main] INFO  Abhishek - Here Customer code is invalid, CustomerCode is: Kotak21
2023-03-10 14:40:59.832 [main] INFO  Abhishek - Here Customer code is invalid, CustomerCode is: Sind23
2023-03-10 14:40:59.852 [main] INFO  Abhishek - Here Customer code is invalid, CustomerCode is: Canara29
2023-03-10 14:40:59.861 [main] INFO  Abhishek - Here Customer code is invalid, CustomerCode is: SBI27
2023-03-10 14:40:59.871 [main] INFO  Abhishek - Here Customer code is invalid, CustomerCode is: Mahi45
2023-03-10 14:40:59.880 [main] INFO  Abhishek - Here Customer code is invalid, CustomerCode is: Micro25
2023-03-10 14:40:59.905 [main] INFO  Abhishek - Here Customer code is invalid, CustomerCode is: Rel24
2023-03-10 14:40:59.914 [main] INFO  Abhishek - Here Customer code is invalid, CustomerCode is: Fisher21
2023-03-10 14:40:59.921 [main] INFO  Abhishek - Here Customer code is invalid, CustomerCode is: Cogni23
2023-03-10 14:40:59.967 [main] INFO  Abhishek - Connection is Established
2023-03-10 14:40:59.968 [main] INFO  Abhishek - Here File is Invalid
2023-03-10 14:41:00.077 [main] INFO  Abhishek - java.lang.NullPointerException
